{"level":"info","message":"GET /","timestamp":"2024-07-15T09:29:32.119Z"}
{"level":"info","message":"POST /api/auth/register","timestamp":"2024-07-15T09:30:35.222Z"}
{"level":"info","message":"POST /api/auth/login","timestamp":"2024-07-15T09:30:54.982Z"}
{"level":"info","message":"POST /api/orders/26","timestamp":"2024-07-15T09:33:47.683Z"}
{"level":"info","message":"POST /api/orders/26","timestamp":"2024-07-15T09:37:58.632Z"}
{"level":"info","message":"POST /api/auth/login","timestamp":"2024-07-15T09:42:07.407Z"}
{"level":"info","message":"POST /api/auth/login","timestamp":"2024-07-15T09:42:53.688Z"}
{"level":"info","message":"POST /api/auth/login","timestamp":"2024-07-15T09:45:10.623Z"}
{"level":"info","message":"POST /api/auth/login","timestamp":"2024-07-15T09:46:20.879Z"}
{"level":"info","message":"POST /api/auth/login","timestamp":"2024-07-15T09:46:59.410Z"}
{"level":"info","message":"POST /api/auth/login","timestamp":"2024-07-15T09:47:55.072Z"}
{"level":"info","message":"POST /api/orders/26","timestamp":"2024-07-15T09:48:41.949Z"}
{"level":"info","message":"POST /api/orders/26","timestamp":"2024-07-15T09:49:26.870Z"}
{"level":"info","message":"POST /api/orders/26","timestamp":"2024-07-15T09:50:25.665Z"}
{"level":"info","message":"POST /api/orders/26","timestamp":"2024-07-15T09:51:21.226Z"}
{"level":"info","message":"POST /api/auth/login","timestamp":"2024-07-15T09:54:29.930Z"}
{"level":"info","message":"POST /api/auth/login","timestamp":"2024-07-15T09:54:51.358Z"}
{"level":"info","message":"POST /api/auth/login","timestamp":"2024-07-15T09:55:07.303Z"}
{"level":"info","message":"POST /api/orders/26","timestamp":"2024-07-15T09:56:44.349Z"}
{"level":"info","message":"POST /api/orders/26","timestamp":"2024-07-15T09:57:05.121Z"}
{"level":"info","message":"POST /api/orders/26","timestamp":"2024-07-15T09:57:17.792Z"}
{"level":"info","message":"POST /api/orders/26","timestamp":"2024-07-15T09:57:34.420Z"}
{"level":"info","message":"POST /api/orders/26","timestamp":"2024-07-15T09:58:10.403Z"}
{"level":"info","message":"POST /api/orders/26","timestamp":"2024-07-15T10:03:22.954Z"}
{"level":"info","message":"POST /api/orders/26","timestamp":"2024-07-15T10:04:47.926Z"}
{"level":"info","message":"POST /api/orders/26","timestamp":"2024-07-15T10:07:00.337Z"}
{"level":"info","message":"GET /","timestamp":"2024-07-15T10:34:38.990Z"}
{"level":"info","message":"GET /api-docs/","timestamp":"2024-07-15T10:34:43.961Z"}
{"level":"info","message":"GET /api-docs/swagger-ui.css","timestamp":"2024-07-15T10:34:44.085Z"}
{"level":"info","message":"GET /api-docs/swagger-ui-bundle.js","timestamp":"2024-07-15T10:34:44.094Z"}
{"level":"info","message":"GET /api-docs/swagger-ui-standalone-preset.js","timestamp":"2024-07-15T10:34:44.099Z"}
{"level":"info","message":"GET /api-docs/swagger-ui-init.js","timestamp":"2024-07-15T10:34:44.101Z"}
{"level":"info","message":"GET /","timestamp":"2024-07-16T04:08:20.486Z"}
{"level":"info","message":"POST /api/auth/login","timestamp":"2024-07-16T04:08:38.190Z"}
{"level":"info","message":"POST /api/orders/26","timestamp":"2024-07-16T04:10:44.070Z"}
{"level":"info","message":"POST /api/orders/26","timestamp":"2024-07-16T04:11:30.323Z"}
{"level":"info","message":"POST /api/orders/26","timestamp":"2024-07-16T04:11:45.040Z"}
{"level":"info","message":"POST /api/orders/26","timestamp":"2024-07-16T04:12:05.638Z"}
{"level":"info","message":"POST /api/orders/26","timestamp":"2024-07-16T04:13:14.703Z"}
{"level":"info","message":"POST /api/orders/26","timestamp":"2024-07-16T04:14:18.542Z"}
{"level":"info","message":"POST /api/orders/26","timestamp":"2024-07-16T04:14:32.534Z"}
{"level":"info","message":"POST /api/orders/26","timestamp":"2024-07-16T04:15:23.250Z"}
{"level":"info","message":"POST /api/auth/login","timestamp":"2024-07-16T04:17:09.032Z"}
{"level":"info","message":"POST /api/orders/26","timestamp":"2024-07-16T04:18:25.146Z"}
{"level":"info","message":"POST /api/auth/login","timestamp":"2024-07-16T04:35:09.148Z"}
{"level":"info","message":"GET /","timestamp":"2024-07-16T04:36:31.601Z"}
{"level":"info","message":"GET /","timestamp":"2024-07-16T04:36:34.867Z"}
{"level":"info","message":"GET /api-docs/","timestamp":"2024-07-16T04:36:42.963Z"}
{"level":"info","message":"GET /api-docs/swagger-ui-bundle.js","timestamp":"2024-07-16T04:36:43.072Z"}
{"level":"info","message":"GET /api-docs/swagger-ui-standalone-preset.js","timestamp":"2024-07-16T04:36:43.075Z"}
{"level":"info","message":"GET /api-docs/swagger-ui.css","timestamp":"2024-07-16T04:36:43.085Z"}
{"level":"info","message":"GET /api-docs/swagger-ui-init.js","timestamp":"2024-07-16T04:36:43.086Z"}
{"level":"info","message":"POST /api/orders/26","timestamp":"2024-07-16T04:37:57.867Z"}
{"level":"info","message":"GET /","timestamp":"2024-07-19T10:14:12.509Z"}
{"level":"info","message":"GET /favicon.ico","timestamp":"2024-07-19T10:14:12.745Z"}
{"level":"info","message":"POST /api/auth/login","timestamp":"2024-07-19T10:17:12.628Z"}
{"level":"info","message":"GET /api-docs/","timestamp":"2024-07-19T10:17:41.146Z"}
{"level":"info","message":"GET /api-docs/swagger-ui.css","timestamp":"2024-07-19T10:17:41.350Z"}
{"level":"info","message":"GET /api-docs/swagger-ui-bundle.js","timestamp":"2024-07-19T10:17:41.354Z"}
{"level":"info","message":"GET /api-docs/swagger-ui-standalone-preset.js","timestamp":"2024-07-19T10:17:41.357Z"}
{"level":"info","message":"GET /api-docs/swagger-ui-init.js","timestamp":"2024-07-19T10:17:41.360Z"}
{"level":"info","message":"GET /api-docs/favicon-32x32.png","timestamp":"2024-07-19T10:17:42.152Z"}
{"level":"info","message":"POST /api/orders/26","timestamp":"2024-07-19T10:21:33.528Z"}
{"level":"info","message":"POST /api/orders/26","timestamp":"2024-07-19T10:22:04.577Z"}
{"level":"info","message":"POST /api/orders/26","timestamp":"2024-07-19T10:24:04.560Z"}
{"level":"info","message":"POST /api/orders/26","timestamp":"2024-07-19T10:25:02.278Z"}
{"level":"info","message":"POST /api/orders/26","timestamp":"2024-07-19T10:30:50.021Z"}
{"level":"info","message":"GET /api-docs/","timestamp":"2024-07-19T10:34:13.518Z"}
{"level":"info","message":"GET /api-docs/swagger-ui.css","timestamp":"2024-07-19T10:34:13.695Z"}
{"level":"info","message":"GET /api-docs/swagger-ui-bundle.js","timestamp":"2024-07-19T10:34:13.697Z"}
{"level":"info","message":"GET /api-docs/swagger-ui-standalone-preset.js","timestamp":"2024-07-19T10:34:13.700Z"}
{"level":"info","message":"GET /api-docs/swagger-ui-init.js","timestamp":"2024-07-19T10:34:13.704Z"}
{"level":"info","message":"GET /api-docs/favicon-32x32.png","timestamp":"2024-07-19T10:34:14.336Z"}
{"level":"info","message":"POST /api/auth/login","timestamp":"2024-07-19T10:35:45.181Z"}
{"level":"info","message":"POST /api/auth/register","timestamp":"2024-07-19T10:36:25.555Z"}
{"level":"info","message":"POST /api/auth/register","timestamp":"2024-07-19T10:36:45.152Z"}
{"level":"info","message":"GET /api/orders/26","timestamp":"2024-07-19T10:37:20.546Z"}
{"level":"info","message":"POST /api/orders/26","timestamp":"2024-07-19T10:38:15.062Z"}
{"level":"info","message":"POST /api/auth/login","timestamp":"2024-07-19T10:39:02.796Z"}
{"level":"info","message":"POST /api/orders/26","timestamp":"2024-07-19T10:39:22.042Z"}
{"level":"info","message":"GET /api/orders/26","timestamp":"2024-07-19T10:39:26.661Z"}
{"level":"info","message":"POST /api/orders/26","timestamp":"2024-07-19T10:40:14.430Z"}
{"level":"info","message":"POST /api/orders/26","timestamp":"2024-07-19T10:40:36.442Z"}
{"level":"info","message":"POST /api/orders/26","timestamp":"2024-07-19T10:44:32.207Z"}
{"level":"info","message":"POST /api/books","timestamp":"2024-07-19T10:49:02.136Z"}
{"level":"info","message":"POST /api/reviews/book/669a449e9d5e6d1a494cd6ad/review","timestamp":"2024-07-19T10:51:46.366Z"}
